2024-04-18 14:41:40,225 - uvicorn.error - INFO - Started server process [19308]
2024-04-18 14:41:40,226 - uvicorn.error - INFO - Waiting for application startup.
2024-04-18 14:41:40,228 - uvicorn.error - INFO - Application startup complete.
2024-04-18 14:43:57,244 - uvicorn.error - INFO - Shutting down
2024-04-18 14:43:57,375 - uvicorn.error - INFO - Waiting for connections to close. (CTRL+C to force quit)
2024-04-18 14:44:02,155 - uvicorn.error - INFO - Waiting for application shutdown.
2024-04-18 14:44:02,156 - uvicorn.error - INFO - Application shutdown complete.
2024-04-18 14:44:02,156 - uvicorn.error - INFO - Finished server process [19308]
2024-04-18 14:47:34,574 - uvicorn.error - INFO - Started server process [20476]
2024-04-18 14:47:34,574 - uvicorn.error - INFO - Waiting for application startup.
2024-04-18 14:47:34,574 - uvicorn.error - INFO - Application startup complete.
2024-04-18 16:46:28,463 - uvicorn.error - INFO - Shutting down
2024-04-18 16:46:28,630 - uvicorn.error - INFO - Waiting for application shutdown.
2024-04-18 16:46:28,662 - uvicorn.error - INFO - Application shutdown complete.
2024-04-18 16:46:28,662 - uvicorn.error - INFO - Finished server process [20476]
2024-04-18 16:46:32,381 - uvicorn.error - INFO - Started server process [11684]
2024-04-18 16:46:32,381 - uvicorn.error - INFO - Waiting for application startup.
2024-04-18 16:46:32,381 - uvicorn.error - INFO - Application startup complete.
2024-04-18 16:46:47,376 - uvicorn.error - INFO - Shutting down
2024-04-18 16:46:47,483 - uvicorn.error - INFO - Waiting for application shutdown.
2024-04-18 16:46:47,485 - uvicorn.error - INFO - Application shutdown complete.
2024-04-18 16:46:47,486 - uvicorn.error - INFO - Finished server process [11684]
2024-04-18 16:48:48,035 - uvicorn.error - INFO - Started server process [11676]
2024-04-18 16:48:48,035 - uvicorn.error - INFO - Waiting for application startup.
2024-04-18 16:48:48,035 - uvicorn.error - INFO - Application startup complete.
2024-04-18 16:52:53,390 - uvicorn.error - INFO - Shutting down
2024-04-18 16:52:53,496 - uvicorn.error - INFO - Waiting for application shutdown.
2024-04-18 16:52:53,497 - uvicorn.error - INFO - Application shutdown complete.
2024-04-18 16:52:53,498 - uvicorn.error - INFO - Finished server process [11676]
2024-04-18 16:53:38,728 - uvicorn.error - INFO - Started server process [19860]
2024-04-18 16:53:38,729 - uvicorn.error - INFO - Waiting for application startup.
2024-04-18 16:53:38,730 - uvicorn.error - INFO - Application startup complete.
2024-04-18 16:54:49,807 - uvicorn.error - INFO - Shutting down
2024-04-18 16:54:49,920 - uvicorn.error - INFO - Waiting for application shutdown.
2024-04-18 16:54:49,920 - uvicorn.error - INFO - Application shutdown complete.
2024-04-18 16:54:49,920 - uvicorn.error - INFO - Finished server process [19860]
2024-04-18 16:54:52,214 - uvicorn.error - INFO - Started server process [8052]
2024-04-18 16:54:52,214 - uvicorn.error - INFO - Waiting for application startup.
2024-04-18 16:54:52,214 - uvicorn.error - INFO - Application startup complete.
2024-04-18 16:55:27,116 - uvicorn.error - INFO - Shutting down
2024-04-18 16:55:27,230 - uvicorn.error - INFO - Waiting for application shutdown.
2024-04-18 16:55:27,230 - uvicorn.error - INFO - Application shutdown complete.
2024-04-18 16:55:27,230 - uvicorn.error - INFO - Finished server process [8052]
2024-04-18 16:55:29,694 - uvicorn.error - INFO - Started server process [1956]
2024-04-18 16:55:29,694 - uvicorn.error - INFO - Waiting for application startup.
2024-04-18 16:55:29,694 - uvicorn.error - INFO - Application startup complete.
2024-04-18 17:01:16,632 - uvicorn.error - INFO - Shutting down
2024-04-18 17:01:16,738 - uvicorn.error - INFO - Waiting for application shutdown.
2024-04-18 17:01:16,739 - uvicorn.error - INFO - Application shutdown complete.
2024-04-18 17:01:16,739 - uvicorn.error - INFO - Finished server process [1956]
2024-04-18 17:04:30,317 - uvicorn.error - INFO - Started server process [13096]
2024-04-18 17:04:30,319 - uvicorn.error - INFO - Waiting for application startup.
2024-04-18 17:04:30,323 - uvicorn.error - INFO - Application startup complete.
2024-04-18 17:11:39,462 - uvicorn.error - INFO - Shutting down
2024-04-18 17:11:39,576 - uvicorn.error - INFO - Waiting for application shutdown.
2024-04-18 17:11:39,581 - uvicorn.error - INFO - Application shutdown complete.
2024-04-18 17:11:39,588 - uvicorn.error - INFO - Finished server process [13096]
2024-04-18 17:11:42,396 - uvicorn.error - INFO - Started server process [19108]
2024-04-18 17:11:42,404 - uvicorn.error - INFO - Waiting for application startup.
2024-04-18 17:11:42,404 - uvicorn.error - INFO - Application startup complete.
2024-04-18 17:20:51,742 - uvicorn.error - INFO - Shutting down
2024-04-18 17:20:51,851 - uvicorn.error - INFO - Waiting for application shutdown.
2024-04-18 17:20:51,851 - uvicorn.error - INFO - Application shutdown complete.
2024-04-18 17:20:51,851 - uvicorn.error - INFO - Finished server process [19108]
2024-04-18 17:20:54,614 - uvicorn.error - INFO - Started server process [11544]
2024-04-18 17:20:54,614 - uvicorn.error - INFO - Waiting for application startup.
2024-04-18 17:20:54,614 - uvicorn.error - INFO - Application startup complete.
2024-04-18 17:40:33,438 - uvicorn.error - INFO - Shutting down
2024-04-18 17:40:33,615 - uvicorn.error - INFO - Waiting for application shutdown.
2024-04-18 17:40:33,636 - uvicorn.error - INFO - Application shutdown complete.
2024-04-18 17:40:33,636 - uvicorn.error - INFO - Finished server process [11544]
2024-04-18 18:20:26,887 - uvicorn.error - INFO - Started server process [16036]
2024-04-18 18:20:26,892 - uvicorn.error - INFO - Waiting for application startup.
2024-04-18 18:20:26,893 - uvicorn.error - INFO - Application startup complete.
2024-04-19 03:16:24,523 - uvicorn.error - INFO - Started server process [664002]
2024-04-19 03:16:24,523 - uvicorn.error - INFO - Waiting for application startup.
2024-04-19 03:16:24,524 - uvicorn.error - INFO - Application startup complete.
2024-04-22 05:21:49,370 - uvicorn.error - INFO - Started server process [1057700]
2024-04-22 05:21:49,372 - uvicorn.error - INFO - Waiting for application startup.
2024-04-22 05:21:49,372 - uvicorn.error - INFO - Application startup complete.
2024-04-22 05:48:18,015 - uvicorn.error - INFO - Shutting down
2024-04-22 05:48:18,116 - uvicorn.error - INFO - Waiting for application shutdown.
2024-04-22 05:48:18,117 - uvicorn.error - INFO - Application shutdown complete.
2024-04-22 05:48:18,117 - uvicorn.error - INFO - Finished server process [1057700]
2024-04-22 05:48:19,323 - uvicorn.error - INFO - Started server process [1062714]
2024-04-22 05:48:19,323 - uvicorn.error - INFO - Waiting for application startup.
2024-04-22 05:48:19,324 - uvicorn.error - INFO - Application startup complete.
2024-04-22 06:20:54,766 - uvicorn.error - INFO - Shutting down
2024-04-22 06:20:54,867 - uvicorn.error - INFO - Waiting for application shutdown.
2024-04-22 06:20:54,868 - uvicorn.error - INFO - Application shutdown complete.
2024-04-22 06:20:54,869 - uvicorn.error - INFO - Finished server process [1062714]
2024-04-22 06:21:37,856 - uvicorn.error - INFO - Started server process [1071702]
2024-04-22 06:21:37,857 - uvicorn.error - INFO - Waiting for application startup.
2024-04-22 06:21:37,857 - uvicorn.error - INFO - Application startup complete.
2024-04-22 06:23:25,271 - uvicorn.error - INFO - Shutting down
2024-04-22 06:23:25,372 - uvicorn.error - INFO - Waiting for application shutdown.
2024-04-22 06:23:25,372 - uvicorn.error - INFO - Application shutdown complete.
2024-04-22 06:23:25,373 - uvicorn.error - INFO - Finished server process [1071702]
2024-04-22 06:23:28,194 - uvicorn.error - INFO - Started server process [1072084]
2024-04-22 06:23:28,194 - uvicorn.error - INFO - Waiting for application startup.
2024-04-22 06:23:28,195 - uvicorn.error - INFO - Application startup complete.
2024-04-22 06:46:50,735 - uvicorn.error - INFO - Started server process [2801]
2024-04-22 06:46:50,738 - uvicorn.error - INFO - Waiting for application startup.
2024-04-22 06:46:50,739 - uvicorn.error - INFO - Application startup complete.
2024-04-22 06:50:33,685 - uvicorn.error - INFO - Shutting down
2024-04-22 06:50:33,786 - uvicorn.error - INFO - Waiting for application shutdown.
2024-04-22 06:50:33,787 - uvicorn.error - INFO - Application shutdown complete.
2024-04-22 06:50:33,787 - uvicorn.error - INFO - Finished server process [2801]
2024-04-22 06:50:34,985 - uvicorn.error - INFO - Started server process [2955]
2024-04-22 06:50:34,985 - uvicorn.error - INFO - Waiting for application startup.
2024-04-22 06:50:34,986 - uvicorn.error - INFO - Application startup complete.
2024-04-22 06:50:52,457 - uvicorn.error - INFO - Shutting down
2024-04-22 06:50:52,558 - uvicorn.error - INFO - Waiting for application shutdown.
2024-04-22 06:50:52,559 - uvicorn.error - INFO - Application shutdown complete.
2024-04-22 06:50:52,560 - uvicorn.error - INFO - Finished server process [2955]
2024-04-22 06:50:54,063 - uvicorn.error - INFO - Started server process [2997]
2024-04-22 06:50:54,064 - uvicorn.error - INFO - Waiting for application startup.
2024-04-22 06:50:54,064 - uvicorn.error - INFO - Application startup complete.
2024-04-22 06:51:04,420 - uvicorn.error - INFO - Shutting down
2024-04-22 06:51:04,521 - uvicorn.error - INFO - Waiting for application shutdown.
2024-04-22 06:51:04,522 - uvicorn.error - INFO - Application shutdown complete.
2024-04-22 06:51:04,522 - uvicorn.error - INFO - Finished server process [2997]
2024-04-22 06:51:05,765 - uvicorn.error - INFO - Started server process [3042]
2024-04-22 06:51:05,766 - uvicorn.error - INFO - Waiting for application startup.
2024-04-22 06:51:05,766 - uvicorn.error - INFO - Application startup complete.
2024-04-22 06:51:20,133 - uvicorn.error - INFO - Shutting down
2024-04-22 06:51:20,235 - uvicorn.error - INFO - Waiting for application shutdown.
2024-04-22 06:51:20,236 - uvicorn.error - INFO - Application shutdown complete.
2024-04-22 06:51:20,237 - uvicorn.error - INFO - Finished server process [3042]
2024-04-22 06:51:21,525 - uvicorn.error - INFO - Started server process [3088]
2024-04-22 06:51:21,526 - uvicorn.error - INFO - Waiting for application startup.
2024-04-22 06:51:21,526 - uvicorn.error - INFO - Application startup complete.
2024-04-22 06:51:33,080 - uvicorn.error - INFO - Shutting down
2024-04-22 06:51:33,181 - uvicorn.error - INFO - Waiting for application shutdown.
2024-04-22 06:51:33,182 - uvicorn.error - INFO - Application shutdown complete.
2024-04-22 06:51:33,182 - uvicorn.error - INFO - Finished server process [3088]
2024-04-22 06:51:34,384 - uvicorn.error - INFO - Started server process [3133]
2024-04-22 06:51:34,384 - uvicorn.error - INFO - Waiting for application startup.
2024-04-22 06:51:34,385 - uvicorn.error - INFO - Application startup complete.
